0 verbose cli /Users/kjs/.nvm/versions/node/v16.13.1/bin/node /Users/kjs/.nvm/versions/node/v16.13.1/bin/npm
1 info using npm@8.19.2
2 info using node@v16.13.1
3 timing npm:load:whichnode Completed in 0ms
4 timing config:load:defaults Completed in 1ms
5 timing config:load:file:/Users/kjs/.nvm/versions/node/v16.13.1/lib/node_modules/npm/npmrc Completed in 0ms
6 timing config:load:builtin Completed in 0ms
7 timing config:load:cli Completed in 2ms
8 timing config:load:env Completed in 0ms
9 timing config:load:file:/.npmrc Completed in 1ms
10 timing config:load:project Completed in 2ms
11 timing config:load:file:/Users/kjs/.npmrc Completed in 1ms
12 timing config:load:user Completed in 1ms
13 timing config:load:file:/Users/kjs/.nvm/versions/node/v16.13.1/etc/npmrc Completed in 0ms
14 timing config:load:global Completed in 0ms
15 timing config:load:validate Completed in 0ms
16 timing config:load:credentials Completed in 1ms
17 timing config:load:setEnvs Completed in 1ms
18 timing config:load Completed in 8ms
19 timing npm:load:configload Completed in 8ms
20 timing npm:load:mkdirpcache Completed in 1ms
21 timing npm:load:mkdirplogs Completed in 0ms
22 verbose title npm config get prefix
23 verbose argv "config" "--loglevel" "warn" "get" "prefix"
24 timing npm:load:setTitle Completed in 15ms
25 timing config:load:flatten Completed in 2ms
26 timing npm:load:display Completed in 3ms
27 verbose logfile logs-max:10 dir:/Users/kjs/cicdtest/.npm/_logs
28 verbose logfile /Users/kjs/cicdtest/.npm/_logs/2022-09-29T01_40_46_930Z-debug-0.log
29 timing npm:load:logFile Completed in 5ms
30 timing npm:load:timers Completed in 0ms
31 timing npm:load:configScope Completed in 0ms
32 timing npm:load Completed in 33ms
33 timing command:config Completed in 2ms
34 verbose exit 0
35 timing npm Completed in 39ms
36 info ok
